action: python, msg: getenv
cwd: /data/matrix/platform/source/geelib/elastic2-doc-manager
cmd: /data/matrix/platform/source/geelib/elastic2-doc-manager/.tox/python/bin/python -m pip install 'mongo-orchestration>=0.6.7,<1.0' 'requests>=2.5.1' elasticsearch mongo-connector 'unittest2; python_version < "2.7"'
Ignoring unittest2: markers 'python_version < "2.7"' don't match your environment
Looking in indexes: https://pypi.tuna.tsinghua.edu.cn/simple
Collecting mongo-orchestration<1.0,>=0.6.7
  Downloading https://pypi.tuna.tsinghua.edu.cn/packages/a7/67/cba9d06dfd8d01404000707c88924c1d802d40c628b9a355184c5be1234d/mongo_orchestration-0.6.12-py2.py3-none-any.whl (65 kB)
Collecting requests>=2.5.1
  Downloading https://pypi.tuna.tsinghua.edu.cn/packages/1a/70/1935c770cb3be6e3a8b78ced23d7e0f3b187f5cbfab4749523ed65d7c9b1/requests-2.23.0-py2.py3-none-any.whl (58 kB)
Collecting elasticsearch
  Using cached https://pypi.tuna.tsinghua.edu.cn/packages/cc/cf/7973ac58090b960857da04add0b345415bf1e1741beddf4cbe136b8ad174/elasticsearch-7.6.0-py2.py3-none-any.whl (88 kB)
Collecting mongo-connector
  Downloading https://pypi.tuna.tsinghua.edu.cn/packages/97/6b/839c15a24959a54e15302a07fda2bed8513b79674ff085b6c9028b90b8bf/mongo_connector-3.1.1-py2.py3-none-any.whl (60 kB)
Collecting CherryPy<7.1,>=3.5.0
  Using cached https://pypi.tuna.tsinghua.edu.cn/packages/9c/d7/9eb417ef47c30b02f7d6e3adb6f27ed35c8d892117ce9eb4516329324e27/CherryPy-7.0.0-py3-none-any.whl (458 kB)
Collecting bottle>=0.12.7
  Downloading https://pypi.tuna.tsinghua.edu.cn/packages/e9/39/2bf3a1fd963e749cdbe5036a184eda8c37d8af25d1297d94b8b7aeec17c4/bottle-0.12.18-py3-none-any.whl (89 kB)
Collecting pymongo<3.6.0,>=3.0.2
  Using cached https://pypi.tuna.tsinghua.edu.cn/packages/c4/27/604db138d80a0d24f8bd8dcfde88b46e121f1fa5e85b14783375306b866f/pymongo-3.5.1-cp35-cp35m-manylinux1_x86_64.whl (365 kB)
Collecting idna<3,>=2.5
  Downloading https://pypi.tuna.tsinghua.edu.cn/packages/89/e3/afebe61c546d18fb1709a61bee788254b40e736cff7271c7de5de2dc4128/idna-2.9-py2.py3-none-any.whl (58 kB)
Collecting certifi>=2017.4.17
  Downloading https://pypi.tuna.tsinghua.edu.cn/packages/57/2b/26e37a4b034800c960a00c4e1b3d9ca5d7014e983e6e729e33ea2f36426c/certifi-2020.4.5.1-py2.py3-none-any.whl (157 kB)
Collecting urllib3!=1.25.0,!=1.25.1,<1.26,>=1.21.1
  Downloading https://pypi.tuna.tsinghua.edu.cn/packages/e8/74/6e4f91745020f967d09332bb2b8b9b10090957334692eb88ea4afe91b77f/urllib3-1.25.8-py2.py3-none-any.whl (125 kB)
Collecting chardet<4,>=3.0.2
  Using cached https://pypi.tuna.tsinghua.edu.cn/packages/bc/a9/01ffebfb562e4274b6487b4bb1ddec7ca55ec7510b22e4c51f14098443b8/chardet-3.0.4-py2.py3-none-any.whl (133 kB)
Collecting importlib-metadata>=0.6
  Downloading https://pypi.tuna.tsinghua.edu.cn/packages/ad/e4/891bfcaf868ccabc619942f27940c77a8a4b45fd8367098955bb7e152fb1/importlib_metadata-1.6.0-py2.py3-none-any.whl (30 kB)
Collecting autocommand
  Using cached https://pypi.tuna.tsinghua.edu.cn/packages/61/55/9fb7c5a63fe0a797054034ce9aeacded2ca078690c63413ebfa06c47ee56/autocommand-2.2.1-py3-none-any.whl (22 kB)
Collecting importlib-resources
  Downloading https://pypi.tuna.tsinghua.edu.cn/packages/8f/36/e678bc02cad98e566fbd7e6711ab2f389fc9adfb1edbb9f553eae41f9f97/importlib_resources-1.4.0-py2.py3-none-any.whl (20 kB)
Collecting six
  Downloading https://pypi.tuna.tsinghua.edu.cn/packages/65/eb/1f97cb97bfc2390a276969c6fae16075da282f5058082d4cb10c6c5c1dba/six-1.14.0-py2.py3-none-any.whl (10 kB)
Collecting zipp>=0.5
  Downloading https://pypi.tuna.tsinghua.edu.cn/packages/96/0a/67556e9b7782df7118c1f49bdc494da5e5e429c93aa77965f33e81287c8c/zipp-1.2.0-py2.py3-none-any.whl (4.8 kB)
Installing collected packages: six, CherryPy, bottle, pymongo, mongo-orchestration, idna, certifi, urllib3, chardet, requests, elasticsearch, zipp, importlib-metadata, autocommand, importlib-resources, mongo-connector
Successfully installed CherryPy-7.0.0 autocommand-2.2.1 bottle-0.12.18 certifi-2020.4.5.1 chardet-3.0.4 elasticsearch-7.6.0 idna-2.9 importlib-metadata-1.6.0 importlib-resources-1.4.0 mongo-connector-3.1.1 mongo-orchestration-0.6.12 pymongo-3.5.1 requests-2.23.0 six-1.14.0 urllib3-1.25.8 zipp-1.2.0
